{"level":"info","message":"Web server running on port 8080","service":"user-service"}
{"level":"info","message":"Web server running on port 8080"}
{"level":"info","message":"Web server running on port 8080"}
{"level":"info","message":"Web server running on port 8080"}
{"level":"info","message":"Web server running on port 8080"}
{"level":"info","message":"Web server running on port 8080"}
{"level":"info","message":"Web server running on port 8080"}
{"level":"info","message":"Web server running on port 8080"}
{"level":"info","message":"Web server running on port 8080"}
{"level":"info","message":"Web server running on port 8080"}
{"level":"info","message":"Conection to DB was succesfull"}
{"level":"info","message":"Web server running on port 8080"}
{"level":"info","message":"Conection to DB was succesfull"}
{"level":"info","message":"Web server running on port 8080"}
{"level":"info","message":"Conection to DB was succesfull"}
{"level":"info","message":"Web server running on port 8080"}
{"level":"info","message":"Conection to DB was succesfull"}
{"level":"info","message":"Web server running on port 8080"}
{"level":"info","message":"Conection to DB was succesfull"}
{"level":"info","message":"Web server running on port 8080"}
{"level":"info","message":"Conection to DB was succesfull"}
{"level":"info","message":"Web server running on port 8080"}
{"level":"info","message":"Conection to DB was succesfull"}
{"level":"info","message":{}}
{"level":"info","message":"Web server running on port 8080"}
{"level":"info","message":"Conection to DB was succesfull"}
{"level":"info","message":{}}
{"level":"info","message":"Web server running on port 8080"}
{"level":"info","message":"Conection to DB was succesfull"}
{"level":"info","message":"Web server running on port 8080"}
{"level":"info","message":"Conection to DB was succesfull"}
{"level":"info","message":"Web server running on port 8080"}
{"level":"info","message":"Conection to DB was succesfull"}
{"level":"info","message":"{}"}
{"level":"info","message":"Web server running on port 8080"}
{"level":"info","message":"Conection to DB was succesfull"}
{"level":"info","message":"Web server running on port 8080"}
{"level":"info","message":"Conection to DB was succesfull"}
{"level":"info","message":"Web server running on port 8080"}
{"level":"info","message":"Conection to DB was succesfull"}
{"level":"info","message":"Web server running on port 8080"}
{"level":"info","message":"Conection to DB was succesfull"}
{"level":"info","message":{"_id":"6602dd707d48e6ad1066a64d"}}
{"level":"info","message":"Web server running on port 8080"}
{"level":"info","message":"Conection to DB was succesfull"}
{"level":"info","message":"Web server running on port 8080"}
{"level":"info","message":"Conection to DB was succesfull"}
{"level":"info","message":"Web server running on port 8080"}
{"level":"info","message":"Conection to DB was succesfull"}
{"level":"info","message":"Web server running on port 8080"}
{"level":"info","message":"Conection to DB was succesfull"}
{"level":"info","message":"Web server running on port 8080"}
{"level":"info","message":"Conection to DB was succesfull"}
{"level":"info","message":"Web server running on port 8080"}
{"level":"info","message":"Conection to DB was succesfull"}
{"level":"info","message":"Web server running on port 8080"}
{"level":"info","message":"Conection to DB was succesfull"}
{"level":"info","message":"Web server running on port 8080"}
{"level":"info","message":"Conection to DB was succesfull"}
{"level":"info","message":"Web server running on port 8080"}
{"level":"info","message":"Conection to DB was succesfull"}
{"level":"info","message":"Web server running on port 8080"}
{"level":"info","message":"Conection to DB was succesfull"}
{"level":"info","message":"Web server running on port 8080"}
{"level":"info","message":"Conection to DB was succesfull"}
{"level":"info","message":"Web server running on port 8080"}
{"level":"info","message":"Conection to DB was succesfull"}
{"level":"info","message":"Web server running on port 8080"}
{"level":"info","message":"Web server running on port 8080"}
{"level":"info","message":"Conection to DB was succesfull"}
{"level":"info","message":"Web server running on port 8080"}
{"level":"info","message":"Conection to DB was succesfull"}
{"level":"info","message":"Web server running on port 8080"}
{"level":"info","message":"Conection to DB was succesfull"}
{"level":"info","message":"Web server running on port 8080"}
{"level":"info","message":"Conection to DB was succesfull"}
{"level":"info","message":"Web server running on port 8080"}
{"level":"info","message":"Conection to DB was succesfull"}
{"level":"info","message":"Web server running on port 8080"}
{"level":"info","message":"Conection to DB was succesfull"}
{"level":"info","message":"Web server running on port 8080"}
{"level":"info","message":"Conection to DB was succesfull"}
{"level":"info","message":"Web server running on port 8080"}
{"level":"info","message":"Conection to DB was succesfull"}
{"level":"info","message":"Web server running on port 8080"}
{"level":"info","message":"Conection to DB was succesfull"}
{"level":"info","message":"Web server running on port 8080"}
{"level":"info","message":"Web server running on port 8080"}
{"level":"info","message":"Conection to DB was succesfull"}
{"level":"info","message":"Web server running on port 8080"}
{"level":"info","message":"Conection to DB was succesfull"}
{"level":"info","message":"Web server running on port 8080"}
{"level":"info","message":"Conection to DB was succesfull"}
{"level":"info","message":"Web server running on port 8080"}
{"level":"info","message":"Conection to DB was succesfull"}
{"level":"info","message":"Web server running on port 8080"}
{"level":"info","message":"Conection to DB was succesfull"}
{"level":"info","message":"Web server running on port 8080"}
{"level":"info","message":"Conection to DB was succesfull"}
{"level":"info","message":"Web server running on port 8080"}
{"level":"info","message":"Conection to DB was succesfull"}
{"level":"info","message":"Conection to DB was succesfull"}
{"level":"info","message":"Web server running on port 8080"}
{"level":"info","message":"Conection to DB was succesfull"}
{"level":"info","message":"Web server running on port 8080"}
{"level":"info","message":"Conection to DB was succesfull"}
{"level":"info","message":"Web server running on port 8080"}
{"level":"info","message":"Conection to DB was succesfull"}
{"level":"info","message":"Web server running on port 8080"}
{"level":"info","message":"Conection to DB was succesfull"}
{"level":"info","message":"Web server running on port 8080"}
{"level":"info","message":"Conection to DB was succesfull"}
{"level":"info","message":"Web server running on port 8080"}
{"level":"info","message":"Conection to DB was succesfull"}
{"level":"info","message":"Web server running on port 8080"}
{"level":"info","message":"Conection to DB was succesfull"}
{"level":"info","message":"Web server running on port 8080"}
{"level":"info","message":"Conection to DB was succesfull"}
{"level":"info","message":"Web server running on port 8080"}
{"level":"info","message":"Conection to DB was succesfull"}
{"level":"info","message":"Web server running on port 8080"}
{"level":"info","message":"Conection to DB was succesfull"}
{"level":"info","message":"Web server running on port 8080"}
{"level":"info","message":"Conection to DB was succesfull"}
{"level":"info","message":"Web server running on port 8080"}
{"level":"info","message":"Conection to DB was succesfull"}
{"level":"info","message":"Web server running on port 8080"}
{"level":"info","message":"Conection to DB was succesfull"}
{"level":"info","message":"Web server running on port 8080"}
{"level":"info","message":"Conection to DB was succesfull"}
{"level":"info","message":"Web server running on port 8080"}
{"level":"info","message":"Conection to DB was succesfull"}
{"level":"info","message":"Web server running on port 8080"}
{"level":"info","message":"Conection to DB was succesfull"}
{"level":"info","message":"Web server running on port 8080"}
{"level":"info","message":"Conection to DB was succesfull"}
{"level":"info","message":"Web server running on port 8080"}
{"level":"info","message":"Conection to DB was succesfull"}
{"level":"info","message":"Web server running on port 8080"}
{"level":"info","message":"Conection to DB was succesfull"}
{"level":"info","message":"Web server running on port 8080"}
{"level":"info","message":"Conection to DB was succesfull"}
{"level":"info","message":"Web server running on port 8080"}
{"level":"info","message":"Conection to DB was succesfull"}
{"level":"info","message":"Web server running on port 8080"}
{"level":"info","message":"Conection to DB was succesfull"}
{"level":"info","message":"Web server running on port 8080"}
{"level":"info","message":"Conection to DB was succesfull"}
{"level":"info","message":"Web server running on port 8080"}
{"level":"info","message":"Conection to DB was succesfull"}
{"level":"info","message":"Web server running on port 8080"}
{"level":"info","message":"Web server running on port 8080"}
{"level":"info","message":"Conection to DB was succesfull"}
{"level":"info","message":"Web server running on port 8080"}
{"level":"info","message":"Conection to DB was succesfull"}
